 2023-01-30 17:41:09  $$$ plugin.home=D:\Work\git-repository\jplugin-cloud\.
 2023-01-30 17:42:40  $$$ plugin.home=D:\Work\git-repository\jplugin-cloud\.
 2023-01-30 17:43:38  $$$ plugin.home=D:\Work\git-repository\jplugin-cloud\.
 2023-01-30 17:45:22  $$$ plugin.home=D:\Work\git-repository\jplugin-cloud\.
 2023-02-15 20:56:12  $$$ plugin.home=D:\Work\git-repository\jplugin-cloud\.
 2023-02-16 12:37:41  $$$ plugin.home=D:\Work\git-repository\jplugin-cloud\.
 2023-02-21 09:41:21  $$$ plugin.home=D:\Work\git-repository\jplugin-cloud\.
 2023-02-21 11:46:14  $$$ plugin.home=D:\Work\git-repository\jplugin-cloud\.
 2023-02-21 11:47:02  $$$ plugin.home=D:\Work\git-repository\jplugin-cloud\.
 2023-02-21 11:47:02  $$$ ConfigDir=D:\Work\git-repository\jplugin-cloud\./application/config
 2023-02-21 11:47:02  $$$ WorkDir=D:\Work\git-repository\jplugin-cloud\.
 2023-02-21 11:47:02  $$$ CloudEnvironment Init: nacosUrl=url1, appCode=appcode1, serviceCode=servicecode1 nacosUser=null rpcPort=9090
 2023-02-21 11:47:02  $$$ CloudEnvironment init ok from jplugin-cloud.properties
 2023-02-21 11:47:02  $$$ Auto add extension for BindExtensionPoint class=IMessageBodySerializer name= type=NAMED supportPriority=false
 2023-02-21 11:47:02  $$$ Auto add extension for point: class=net.jplugin.cloud.rpc.io.extension.JsonBodySerializer4Request name=json-req
 2023-02-21 11:47:02  $$$ Auto add extension for point: class=net.jplugin.cloud.rpc.io.extension.JsonBodySerializer4Response name=json-res
 2023-02-21 11:47:02  $$$ Auto add extension for remote service proxy : protocol=rpc,url=esf://app1/svc1,class=net.jplugin.cloud.demo.p1.IService1
 2023-02-21 11:47:02  $$$ Auto add extension for BindRemoteServiceProxy class=IService1 url=esf://app1/svc1 protocol=rpc
 2023-02-21 11:47:02  $$$ Auto add extension for BindServiceExport class=Service1 path=/svc1
 2023-02-21 11:47:02  $$$ Auto add extension for service: interface=net.jplugin.cloud.rpc.server.imp.RpcServerManager impl=net.jplugin.cloud.rpc.server.imp.RpcServerManager
 2023-02-21 11:47:02  $$$ Auto add extension for service: interface=net.jplugin.cloud.rpc.client.imp.RpcClientManager impl=net.jplugin.cloud.rpc.client.imp.RpcClientManager
 2023-02-21 11:47:02  Found simple priority plugins :net.jplugin.cloud.common.Plugin , net.jplugin.cloud.rpc.io.Plugin , ]
 2023-02-21 11:47:02  After reorder :net.jplugin.cloud.rpc.io.Plugin , net.jplugin.cloud.common.Plugin , ]
 2023-02-21 11:47:02  ==Now to create services==
 2023-02-21 11:47:03  Now to create common logging service.....
 2023-02-21 11:47:03  Using local logger config
 2023-02-21 11:47:03  ==Now to init plugins==
 2023-02-21 11:47:03  StartPlugin :[0] net.jplugin.core.kernel.Plugin
 2023-02-21 11:47:03  StartPlugin :[1] net.jplugin.core.config.Plugin
 2023-02-21 11:47:03  StartPlugin :[2] net.jplugin.core.service.Plugin
 2023-02-21 11:47:03  StartPlugin :[3] net.jplugin.core.log.Plugin
 2023-02-21 11:47:03  StartPlugin :[4] net.jplugin.core.rclient.Plugin
 2023-02-21 11:47:03  StartPlugin :[5] net.jplugin.cloud.rpc.common.Plugin
 2023-02-21 11:47:03  StartPlugin :[6] net.jplugin.cloud.rpc.io.Plugin
 2023-02-21 11:47:03  StartPlugin :[7] net.jplugin.cloud.common.Plugin
 2023-02-21 11:47:03  StartPlugin :[8] net.jplugin.cloud.rpc.server.Plugin
 2023-02-21 11:47:03  $$$ RPC Server starting...
 2023-02-21 11:47:03  $$$ RPC Server starting success
 2023-02-21 11:47:03  StartPlugin :[9] net.jplugin.cloud.rpc.client.Plugin
 2023-02-21 11:47:03  $$$ RPC ClientManager starting!
 2023-02-21 11:47:04  
ESF Client start success. subscrib status:
	 AppCode=app1 127.0.0.1:9090-true

 2023-02-21 11:47:04  $$$ RPC ClientManager started!
 2023-02-21 11:47:04  StartPlugin :[10] net.jplugin.cloud.demo.p1.Plugin
 2023-02-21 11:47:04  $$$ platform.service-time-limit is 6000
 2023-02-21 11:47:04  Total 11 plugin started!
 2023-02-21 11:47:04  @@Plugin Loaded successfully!
