 2023-01-30 17:46:18  $$$ plugin.home=D:\Work\git-repository\jplugin-cloud\module-for-demo\.
 2023-01-30 17:46:18  $$$ ConfigDir=D:\Work\git-repository\jplugin-cloud\module-for-demo\./application/config
 2023-01-30 17:46:18  $$$ WorkDir=D:\Work\git-repository\jplugin-cloud\module-for-demo\.
 2023-01-30 17:46:18  ==Now to create services==
 2023-01-30 17:46:19  Now to create common logging service.....
 2023-01-30 17:46:19  Using local logger config
 2023-01-30 17:46:19  Using classpath logger config
 2023-01-30 17:46:19  ==Now to init plugins==
 2023-01-30 17:46:19  StartPlugin :[0] net.jplugin.core.kernel.Plugin
 2023-01-30 17:46:19  StartPlugin :[1] net.jplugin.core.config.Plugin
 2023-01-30 17:46:19  StartPlugin :[2] net.jplugin.core.service.Plugin
 2023-01-30 17:46:19  StartPlugin :[3] net.jplugin.core.log.Plugin
 2023-01-30 17:46:19  StartPlugin :[4] net.jplugin.core.rclient.Plugin
 2023-01-30 17:46:19  Total 5 plugin started!
 2023-01-30 17:46:19  @@Plugin Loaded successfully!
 2023-01-30 17:46:19  $$$ now to stop plugin envirment
 2023-01-30 17:46:19  $$$ plugin envirment stopped
 2023-01-30 17:47:24  $$$ plugin.home=D:\Work\git-repository\jplugin-cloud\module-for-demo\.
 2023-01-30 17:47:24  $$$ ConfigDir=D:\Work\git-repository\jplugin-cloud\module-for-demo\./application/config
 2023-01-30 17:47:24  $$$ WorkDir=D:\Work\git-repository\jplugin-cloud\module-for-demo\.
 2023-01-30 17:47:25  ==Now to create services==
 2023-01-30 17:47:25  Now to create common logging service.....
 2023-01-30 17:47:25  Using local logger config
 2023-01-30 17:47:25  Using classpath logger config
 2023-01-30 17:47:25  ==Now to init plugins==
 2023-01-30 17:47:25  StartPlugin :[0] net.jplugin.core.kernel.Plugin
 2023-01-30 17:47:25  StartPlugin :[1] net.jplugin.core.config.Plugin
 2023-01-30 17:47:25  StartPlugin :[2] net.jplugin.core.service.Plugin
 2023-01-30 17:47:25  StartPlugin :[3] net.jplugin.core.log.Plugin
 2023-01-30 17:47:25  StartPlugin :[4] net.jplugin.core.rclient.Plugin
 2023-01-30 17:47:25  Total 5 plugin started!
 2023-01-30 17:47:25  @@Plugin Loaded successfully!
 2023-01-30 17:47:25  $$$ now to stop plugin envirment
 2023-01-30 17:47:25  $$$ plugin envirment stopped
 2023-01-30 17:48:01  $$$ plugin.home=D:\Work\git-repository\jplugin-cloud\module-for-demo\.
 2023-01-30 17:49:04  $$$ ConfigDir=D:\Work\git-repository\jplugin-cloud\module-for-demo\./application/config
 2023-01-30 17:49:05  $$$ WorkDir=D:\Work\git-repository\jplugin-cloud\module-for-demo\.
 2023-01-30 17:57:24  $$$ plugin.home=D:\Work\git-repository\jplugin-cloud\module-for-demo\.
 2023-01-30 17:57:24  $$$ ConfigDir=D:\Work\git-repository\jplugin-cloud\module-for-demo\./application/config
 2023-01-30 17:57:24  $$$ WorkDir=D:\Work\git-repository\jplugin-cloud\module-for-demo\.
 2023-01-30 17:57:24  ==Now to create services==
 2023-01-30 17:57:25  Now to create common logging service.....
 2023-01-30 17:57:25  Using local logger config
 2023-01-30 17:57:25  Using classpath logger config
 2023-01-30 17:57:25  ==Now to init plugins==
 2023-01-30 17:57:25  StartPlugin :[0] net.jplugin.core.kernel.Plugin
 2023-01-30 17:57:25  StartPlugin :[1] net.jplugin.core.config.Plugin
 2023-01-30 17:57:25  StartPlugin :[2] net.jplugin.core.service.Plugin
 2023-01-30 17:57:25  StartPlugin :[3] net.jplugin.core.log.Plugin
 2023-01-30 17:57:25  StartPlugin :[4] net.jplugin.core.rclient.Plugin
 2023-01-30 17:57:25  StartPlugin :[5] net.jplugin.cloud.demo.p1.Plugin
 2023-01-30 17:57:25  Total 6 plugin started!
 2023-01-30 17:57:25  @@Plugin Loaded successfully!
 2023-01-30 17:57:25  $$$ now to stop plugin envirment
 2023-01-30 17:57:25  $$$ plugin envirment stopped
